[36m [T4GEX] [2022-06-29 11:39:14,022] [DEBUG] [br.com.linkconsulting.t4gexcore.manager.ExtentTestManager] [main] : Using default name for t4gex.properties: null
[m[36m [T4GEX] [2022-06-29 11:39:14,044] [DEBUG] [br.com.linkconsulting.t4gexcore.properties.CoreProperties] [main] : Creating properties file for runtime...
[m[36m [T4GEX] [2022-06-29 11:39:14,044] [DEBUG] [br.com.linkconsulting.t4gexcore.properties.CoreProperties] [main] : Runtime properties file created
[m[36m [T4GEX] [2022-06-29 11:39:14,160] [DEBUG] [br.com.linkconsulting.t4gexcore.manager.ExtentTestManager] [main] : Using default name for t4gex.properties: null
[m[36m [T4GEX] [2022-06-29 11:39:14,160] [DEBUG] [br.com.linkconsulting.t4gexwebdriver.test.T4gexWebDriverTest] [main] : T4gex webdriver module properties loaded
[m[32m [T4GEX] [2022-06-29 11:39:14,276] [INFO] [br.com.linkconsulting.t4gexcore.manager.ExtentTestManager] [main] : Starting Test Suite...
[m[36m [T4GEX] [2022-06-29 11:39:14,276] [DEBUG] [br.com.linkconsulting.t4gexcore.manager.ExtentTestManager] [main] : Using default name for t4gex.properties: null
[m[36m [T4GEX] [2022-06-29 11:39:14,276] [DEBUG] [br.com.linkconsulting.t4gexcore.manager.SuiteTestParamManager] [main] : Overwritting t4gex.properties parameters....
[m[36m [T4GEX] [2022-06-29 11:39:14,276] [DEBUG] [br.com.linkconsulting.t4gexcore.manager.SuiteTestParamManager] [main] : Overwrite completed
[m[36m [T4GEX] [2022-06-29 11:39:14,276] [DEBUG] [br.com.linkconsulting.t4gexcore.manager.ExtentTestManager] [main] : Total of tests to be executed: 3
[m[36m [T4GEX] [2022-06-29 11:39:14,276] [DEBUG] [br.com.linkconsulting.t4gexcore.manager.report.ExtentReportManager] [main] : Creating report directory...
[m[36m [T4GEX] [2022-06-29 11:39:14,276] [DEBUG] [br.com.linkconsulting.t4gexcore.manager.report.ExtentReportManager] [main] : Directory created.
[m[33m [T4GEX] [2022-06-29 11:39:14,292] [WARN] [br.com.linkconsulting.t4gexcore.manager.report.ExtentReportManager] [main] : No Extent Report configuration xml detected, using default.
[m[36m [T4GEX] [2022-06-29 11:39:14,376] [DEBUG] [br.com.linkconsulting.t4gexcore.manager.report.ExtentReportManager] [main] : Extent Report instance created
[m[36m [T4GEX] [2022-06-29 11:39:14,376] [DEBUG] [br.com.linkconsulting.t4gexcore.manager.ExtentTestManager] [main] : Suite started.
[m[36m [T4GEX] [2022-06-29 11:39:14,392] [DEBUG] [br.com.linkconsulting.t4gexcore.manager.ExtentTestManager] [TestNG-tests-1] : Starting Test... Teste node 1
[m[36m [T4GEX] [2022-06-29 11:39:14,423] [DEBUG] [br.com.linkconsulting.t4gexcore.manager.ExtentTestManager] [TestNG-tests-1] : Starting test configuration: T4gexWebDriverTest.setupDriverListThread()[pri:0, instance:pernambucanas.grid.Node1@3e08ff24]
[m[36m [T4GEX] [2022-06-29 11:39:14,423] [DEBUG] [br.com.linkconsulting.t4gexcore.manager.ExtentTestManager] [TestNG-tests-1] : Configuration sucessful for: T4gexWebDriverTest.setupDriverListThread()[pri:0, instance:pernambucanas.grid.Node1@3e08ff24]
[m[36m [T4GEX] [2022-06-29 11:39:14,439] [DEBUG] [br.com.linkconsulting.t4gexcore.manager.ExtentTestManager] [TestNG-tests-1] : Test Method starting for test Teste node 1
[m[32m [T4GEX] [2022-06-29 11:40:21,964] [INFO] [br.com.linkconsulting.t4gexcore.manager.ExtentTestManager] [TestNG-tests-1] : Test finished - SUCESS: 1/3 - pernambucanas.grid.Node1.fazerBuscaPorProdutoExistente
[m[36m [T4GEX] [2022-06-29 11:40:21,964] [DEBUG] [br.com.linkconsulting.t4gexcore.manager.ExtentTestManager] [TestNG-tests-1] : Starting test configuration: T4gexWebDriverTest.teardownDriverListThread()[pri:0, instance:pernambucanas.grid.Node1@3e08ff24]
[m[36m [T4GEX] [2022-06-29 11:40:21,965] [DEBUG] [br.com.linkconsulting.t4gexwebdriver.test.T4gexWebDriverTest] [TestNG-tests-1] : DriverListThread cleaned
[m[36m [T4GEX] [2022-06-29 11:40:21,965] [DEBUG] [br.com.linkconsulting.t4gexcore.manager.ExtentTestManager] [TestNG-tests-1] : Configuration sucessful for: T4gexWebDriverTest.teardownDriverListThread()[pri:0, instance:pernambucanas.grid.Node1@3e08ff24]
[m[36m [T4GEX] [2022-06-29 11:40:21,965] [DEBUG] [br.com.linkconsulting.t4gexcore.manager.ExtentTestManager] [TestNG-tests-1] : Starting test configuration: T4gexTest.cleanTest()[pri:0, instance:pernambucanas.grid.Node1@3e08ff24]
[m[36m [T4GEX] [2022-06-29 11:40:21,966] [DEBUG] [br.com.linkconsulting.t4gexcore.manager.ExtentTestManager] [TestNG-tests-1] : Configuration sucessful for: T4gexTest.cleanTest()[pri:0, instance:pernambucanas.grid.Node1@3e08ff24]
[m[36m [T4GEX] [2022-06-29 11:40:21,989] [DEBUG] [br.com.linkconsulting.t4gexcore.manager.ExtentTestManager] [TestNG-tests-1] : Test Completed.
[m[36m [T4GEX] [2022-06-29 11:40:22,002] [DEBUG] [br.com.linkconsulting.t4gexcore.manager.ExtentTestManager] [TestNG-tests-1] : Starting Test... Teste node 2
[m[36m [T4GEX] [2022-06-29 11:40:22,006] [DEBUG] [br.com.linkconsulting.t4gexcore.manager.ExtentTestManager] [TestNG-tests-1] : Starting test configuration: T4gexWebDriverTest.setupDriverListThread()[pri:0, instance:pernambucanas.grid.Node2@3f4faf53]
[m[36m [T4GEX] [2022-06-29 11:40:22,007] [DEBUG] [br.com.linkconsulting.t4gexcore.manager.ExtentTestManager] [TestNG-tests-1] : Configuration sucessful for: T4gexWebDriverTest.setupDriverListThread()[pri:0, instance:pernambucanas.grid.Node2@3f4faf53]
[m[36m [T4GEX] [2022-06-29 11:40:22,007] [DEBUG] [br.com.linkconsulting.t4gexcore.manager.ExtentTestManager] [TestNG-tests-1] : Test Method starting for test Teste node 2
[m